<?xml version="1.0" encoding="UTF-8"?>
<testsuite xmlns:xsi="http://www.w3.org/2001/XMLSchema-instance" xsi:noNamespaceSchemaLocation="https://maven.apache.org/surefire/maven-surefire-plugin/xsd/surefire-test-report.xsd" name="io.hetu.core.plugin.cloudface.TestFinal" time="11.335" tests="1" errors="0" skipped="0" failures="1">
  <properties>
    <property name="sun.desktop" value="gnome"/>
    <property name="awt.toolkit" value="sun.awt.X11.XToolkit"/>
    <property name="git.tags" value="1.0.1"/>
    <property name="file.encoding.pkg" value="sun.io"/>
    <property name="java.specification.version" value="1.8"/>
    <property name="sun.cpu.isalist" value=""/>
    <property name="git.build.version" value="1.0.1"/>
    <property name="sun.jnu.encoding" value="UTF-8"/>
    <property name="user.region" value="US"/>
    <property name="java.class.path" value="/home/openlkadmin/hetu-core/hetu-cloudface/target/test-classes:/home/openlkadmin/hetu-core/hetu-cloudface/target/classes:/home/openlkadmin/.m2/repository/com/huaweicloud/frs/frs-sdk/1.0/frs-sdk-1.0.jar:/home/openlkadmin/.m2/repository/com/huawei/java-sdk-core/3.0.9/java-sdk-core-3.0.9.jar:/home/openlkadmin/.m2/repository/com/squareup/okhttp3/okhttp/3.12.0/okhttp-3.12.0.jar:/home/openlkadmin/.m2/repository/com/squareup/okio/okio/2.1.0/okio-2.1.0.jar:/home/openlkadmin/.m2/repository/org/jetbrains/kotlin/kotlin-stdlib/1.2.60/kotlin-stdlib-1.2.60.jar:/home/openlkadmin/.m2/repository/org/jetbrains/kotlin/kotlin-stdlib-common/1.2.60/kotlin-stdlib-common-1.2.60.jar:/home/openlkadmin/.m2/repository/org/jetbrains/annotations/13.0/annotations-13.0.jar:/home/openlkadmin/.m2/repository/commons-io/commons-io/2.6/commons-io-2.6.jar:/home/openlkadmin/.m2/repository/commons-logging/commons-logging/1.2/commons-logging-1.2.jar:/home/openlkadmin/.m2/repository/commons-codec/commons-codec/1.11/commons-codec-1.11.jar:/home/openlkadmin/.m2/repository/com/fasterxml/jackson/core/jackson-core/2.10.0/jackson-core-2.10.0.jar:/home/openlkadmin/.m2/repository/com/fasterxml/jackson/core/jackson-databind/2.10.0/jackson-databind-2.10.0.jar:/home/openlkadmin/.m2/repository/com/fasterxml/jackson/core/jackson-annotations/2.10.0/jackson-annotations-2.10.0.jar:/home/openlkadmin/.m2/repository/joda-time/joda-time/2.10.5/joda-time-2.10.5.jar:/home/openlkadmin/.m2/repository/com/google/guava/guava/26.0-jre/guava-26.0-jre.jar:/home/openlkadmin/.m2/repository/com/google/code/findbugs/jsr305/3.0.2/jsr305-3.0.2.jar:/home/openlkadmin/.m2/repository/org/checkerframework/checker-qual/2.5.2/checker-qual-2.5.2.jar:/home/openlkadmin/.m2/repository/com/google/errorprone/error_prone_annotations/2.3.2/error_prone_annotations-2.3.2.jar:/home/openlkadmin/.m2/repository/com/google/j2objc/j2objc-annotations/1.1/j2objc-annotations-1.1.jar:/home/openlkadmin/.m2/repository/org/codehaus/mojo/animal-sniffer-annotations/1.14/animal-sniffer-annotations-1.14.jar:/home/openlkadmin/.m2/repository/io/hetu/core/presto-spi/1.0.1/presto-spi-1.0.1.jar:/home/openlkadmin/.m2/repository/io/airlift/units/1.3/units-1.3.jar:/home/openlkadmin/.m2/repository/org/openjdk/jol/jol-core/0.2/jol-core-0.2.jar:/home/openlkadmin/.m2/repository/io/hetu/core/hetu-common/1.0.1/hetu-common-1.0.1.jar:/home/openlkadmin/.m2/repository/io/airlift/slice/0.38/slice-0.38.jar:/home/openlkadmin/.m2/repository/org/testng/testng/6.10/testng-6.10.jar:/home/openlkadmin/.m2/repository/com/beust/jcommander/1.48/jcommander-1.48.jar:/home/openlkadmin/.m2/repository/io/hetu/core/presto-tests/1.0.1/presto-tests-1.0.1.jar:/home/openlkadmin/.m2/repository/io/hetu/core/presto-client/1.0.1/presto-client-1.0.1.jar:/home/openlkadmin/.m2/repository/com/squareup/okhttp3/okhttp-urlconnection/3.9.0/okhttp-urlconnection-3.9.0.jar:/home/openlkadmin/.m2/repository/io/hetu/core/presto-parser/1.0.1/presto-parser-1.0.1.jar:/home/openlkadmin/.m2/repository/org/antlr/antlr4-runtime/4.7.1/antlr4-runtime-4.7.1.jar:/home/openlkadmin/.m2/repository/io/hetu/core/presto-tpch/1.0.1/presto-tpch-1.0.1.jar:/home/openlkadmin/.m2/repository/io/hetu/core/hetu-seed-store/1.0.1/hetu-seed-store-1.0.1.jar:/home/openlkadmin/.m2/repository/io/hetu/core/hetu-state-store/1.0.1/hetu-state-store-1.0.1.jar:/home/openlkadmin/.m2/repository/io/hetu/core/hetu-hazelcast/1.0.1/hetu-hazelcast-1.0.1.jar:/home/openlkadmin/.m2/repository/org/springframework/spring-context/5.2.0.RELEASE/spring-context-5.2.0.RELEASE.jar:/home/openlkadmin/.m2/repository/org/springframework/spring-beans/5.2.0.RELEASE/spring-beans-5.2.0.RELEASE.jar:/home/openlkadmin/.m2/repository/org/springframework/spring-core/5.2.0.RELEASE/spring-core-5.2.0.RELEASE.jar:/home/openlkadmin/.m2/repository/org/springframework/spring-expression/5.2.0.RELEASE/spring-expression-5.2.0.RELEASE.jar:/home/openlkadmin/.m2/repository/org/aspectj/aspectjweaver/1.9.4/aspectjweaver-1.9.4.jar:/home/openlkadmin/.m2/repository/javax/cache/cache-api/1.1.1/cache-api-1.1.1.jar:/home/openlkadmin/.m2/repository/org/apache/commons/commons-lang3/3.10/commons-lang3-3.10.jar:/home/openlkadmin/.m2/repository/io/airlift/bootstrap/0.193/bootstrap-0.193.jar:/home/openlkadmin/.m2/repository/io/airlift/concurrent/0.193/concurrent-0.193.jar:/home/openlkadmin/.m2/repository/io/airlift/configuration/0.193/configuration-0.193.jar:/home/openlkadmin/.m2/repository/org/apache/bval/bval-jsr/2.0.0/bval-jsr-2.0.0.jar:/home/openlkadmin/.m2/repository/cglib/cglib-nodep/3.3.0/cglib-nodep-3.3.0.jar:/home/openlkadmin/.m2/repository/io/airlift/discovery/discovery-server/1.29/discovery-server-1.29.jar:/home/openlkadmin/.m2/repository/io/airlift/jmx-http-rpc/0.159/jmx-http-rpc-0.159.jar:/home/openlkadmin/.m2/repository/com/google/inject/extensions/guice-multibindings/4.2.2/guice-multibindings-4.2.2.jar:/home/openlkadmin/.m2/repository/org/iq80/leveldb/leveldb-api/0.10/leveldb-api-0.10.jar:/home/openlkadmin/.m2/repository/org/iq80/leveldb/leveldb/0.10/leveldb-0.10.jar:/home/openlkadmin/.m2/repository/io/airlift/json/0.193/json-0.193.jar:/home/openlkadmin/.m2/repository/io/airlift/log/0.193/log-0.193.jar:/home/openlkadmin/.m2/repository/io/airlift/node/0.193/node-0.193.jar:/home/openlkadmin/.m2/repository/io/airlift/stats/0.193/stats-0.193.jar:/home/openlkadmin/.m2/repository/org/hdrhistogram/HdrHistogram/2.1.9/HdrHistogram-2.1.9.jar:/home/openlkadmin/.m2/repository/io/airlift/tpch/tpch/0.10/tpch-0.10.jar:/home/openlkadmin/.m2/repository/io/airlift/testing/0.193/testing-0.193.jar:/home/openlkadmin/.m2/repository/javax/inject/javax.inject/1/javax.inject-1.jar:/home/openlkadmin/.m2/repository/com/google/inject/guice/4.2.2/guice-4.2.2.jar:/home/openlkadmin/.m2/repository/aopalliance/aopalliance/1.0/aopalliance-1.0.jar:/home/openlkadmin/.m2/repository/org/jdbi/jdbi3-core/3.4.0/jdbi3-core-3.4.0.jar:/home/openlkadmin/.m2/repository/org/antlr/antlr-runtime/3.4/antlr-runtime-3.4.jar:/home/openlkadmin/.m2/repository/org/antlr/stringtemplate/3.2.1/stringtemplate-3.2.1.jar:/home/openlkadmin/.m2/repository/antlr/antlr/2.7.7/antlr-2.7.7.jar:/home/openlkadmin/.m2/repository/org/slf4j/slf4j-api/1.7.29/slf4j-api-1.7.29.jar:/home/openlkadmin/.m2/repository/net/jodah/expiringmap/0.5.6/expiringmap-0.5.6.jar:/home/openlkadmin/.m2/repository/org/weakref/jmxutils/1.21/jmxutils-1.21.jar:/home/openlkadmin/.m2/repository/org/apache/commons/commons-math3/3.6.1/commons-math3-3.6.1.jar:/home/openlkadmin/.m2/repository/org/assertj/assertj-core/3.8.0/assertj-core-3.8.0.jar:/home/openlkadmin/.m2/repository/com/h2database/h2/1.4.199/h2-1.4.199.jar:/home/openlkadmin/.m2/repository/io/airlift/log-manager/0.193/log-manager-0.193.jar:/home/openlkadmin/.m2/repository/org/slf4j/slf4j-jdk14/1.7.29/slf4j-jdk14-1.7.29.jar:/home/openlkadmin/.m2/repository/org/slf4j/log4j-over-slf4j/1.7.29/log4j-over-slf4j-1.7.29.jar:/home/openlkadmin/.m2/repository/ch/qos/logback/logback-core/1.2.3/logback-core-1.2.3.jar:/home/openlkadmin/.m2/repository/io/hetu/core/presto-main/1.0.1/presto-main-1.0.1.jar:/home/openlkadmin/.m2/repository/org/locationtech/jts/jts-core/1.15.0/jts-core-1.15.0.jar:/home/openlkadmin/.m2/repository/com/esri/geometry/esri-geometry-api/2.2.2/esri-geometry-api-2.2.2.jar:/home/openlkadmin/.m2/repository/io/hetu/core/presto-geospatial-toolkit/1.0.1/presto-geospatial-toolkit-1.0.1.jar:/home/openlkadmin/.m2/repository/it/unimi/dsi/fastutil/6.5.9/fastutil-6.5.9.jar:/home/openlkadmin/.m2/repository/io/hetu/core/presto-array/1.0.1/presto-array-1.0.1.jar:/home/openlkadmin/.m2/repository/io/hetu/core/presto-matching/1.0.1/presto-matching-1.0.1.jar:/home/openlkadmin/.m2/repository/io/hetu/core/presto-memory-context/1.0.1/presto-memory-context-1.0.1.jar:/home/openlkadmin/.m2/repository/io/airlift/aircompressor/0.15/aircompressor-0.15.jar:/home/openlkadmin/.m2/repository/io/airlift/discovery/0.193/discovery-0.193.jar:/home/openlkadmin/.m2/repository/io/airlift/event/0.193/event-0.193.jar:/home/openlkadmin/.m2/repository/io/airlift/event-http/0.193/event-http-0.193.jar:/home/openlkadmin/.m2/repository/io/airlift/http-server/0.193/http-server-0.193.jar:/home/openlkadmin/.m2/repository/org/eclipse/jetty/jetty-http/9.4.30.v20200611/jetty-http-9.4.30.v20200611.jar:/home/openlkadmin/.m2/repository/org/eclipse/jetty/jetty-io/9.4.30.v20200611/jetty-io-9.4.30.v20200611.jar:/home/openlkadmin/.m2/repository/org/eclipse/jetty/http2/http2-server/9.4.30.v20200611/http2-server-9.4.30.v20200611.jar:/home/openlkadmin/.m2/repository/org/eclipse/jetty/http2/http2-common/9.4.30.v20200611/http2-common-9.4.30.v20200611.jar:/home/openlkadmin/.m2/repository/org/eclipse/jetty/http2/http2-hpack/9.4.30.v20200611/http2-hpack-9.4.30.v20200611.jar:/home/openlkadmin/.m2/repository/org/eclipse/jetty/jetty-server/9.4.30.v20200611/jetty-server-9.4.30.v20200611.jar:/home/openlkadmin/.m2/repository/org/eclipse/jetty/jetty-util/9.4.30.v20200611/jetty-util-9.4.30.v20200611.jar:/home/openlkadmin/.m2/repository/org/eclipse/jetty/jetty-servlet/9.4.30.v20200611/jetty-servlet-9.4.30.v20200611.jar:/home/openlkadmin/.m2/repository/org/eclipse/jetty/jetty-security/9.4.30.v20200611/jetty-security-9.4.30.v20200611.jar:/home/openlkadmin/.m2/repository/org/eclipse/jetty/jetty-jmx/9.4.30.v20200611/jetty-jmx-9.4.30.v20200611.jar:/home/openlkadmin/.m2/repository/io/airlift/jaxrs/0.193/jaxrs-0.193.jar:/home/openlkadmin/.m2/repository/javax/xml/bind/jaxb-api/2.3.1/jaxb-api-2.3.1.jar:/home/openlkadmin/.m2/repository/javax/activation/javax.activation-api/1.2.0/javax.activation-api-1.2.0.jar:/home/openlkadmin/.m2/repository/org/glassfish/jersey/core/jersey-common/2.26/jersey-common-2.26.jar:/home/openlkadmin/.m2/repository/org/glassfish/hk2/osgi-resource-locator/1.0.1/osgi-resource-locator-1.0.1.jar:/home/openlkadmin/.m2/repository/org/glassfish/jersey/core/jersey-server/2.26/jersey-server-2.26.jar:/home/openlkadmin/.m2/repository/org/glassfish/jersey/core/jersey-client/2.26/jersey-client-2.26.jar:/home/openlkadmin/.m2/repository/org/glassfish/jersey/media/jersey-media-jaxb/2.26/jersey-media-jaxb-2.26.jar:/home/openlkadmin/.m2/repository/org/glassfish/jersey/containers/jersey-container-servlet-core/2.26/jersey-container-servlet-core-2.26.jar:/home/openlkadmin/.m2/repository/org/glassfish/jersey/containers/jersey-container-servlet/2.26/jersey-container-servlet-2.26.jar:/home/openlkadmin/.m2/repository/org/glassfish/jersey/inject/jersey-hk2/2.26/jersey-hk2-2.26.jar:/home/openlkadmin/.m2/repository/org/glassfish/hk2/hk2-locator/2.5.0-b42/hk2-locator-2.5.0-b42.jar:/home/openlkadmin/.m2/repository/org/glassfish/hk2/hk2-api/2.5.0-b42/hk2-api-2.5.0-b42.jar:/home/openlkadmin/.m2/repository/org/glassfish/hk2/hk2-utils/2.5.0-b42/hk2-utils-2.5.0-b42.jar:/home/openlkadmin/.m2/repository/org/javassist/javassist/3.22.0-GA/javassist-3.22.0-GA.jar:/home/openlkadmin/.m2/repository/io/airlift/jmx/0.193/jmx-0.193.jar:/opt/jdk8u222-b10/jre/../lib/tools.jar:/home/openlkadmin/.m2/repository/io/airlift/jmx-http/0.193/jmx-http-0.193.jar:/home/openlkadmin/.m2/repository/io/airlift/resolver/resolver/1.5/resolver-1.5.jar:/home/openlkadmin/.m2/repository/org/sonatype/aether/aether-spi/1.13.1/aether-spi-1.13.1.jar:/home/openlkadmin/.m2/repository/org/sonatype/aether/aether-impl/1.13.1/aether-impl-1.13.1.jar:/home/openlkadmin/.m2/repository/org/sonatype/aether/aether-util/1.13.1/aether-util-1.13.1.jar:/home/openlkadmin/.m2/repository/org/sonatype/aether/aether-connector-file/1.13.1/aether-connector-file-1.13.1.jar:/home/openlkadmin/.m2/repository/org/sonatype/aether/aether-connector-asynchttpclient/1.13.1/aether-connector-asynchttpclient-1.13.1.jar:/home/openlkadmin/.m2/repository/org/apache/maven/maven-core/3.0.4/maven-core-3.0.4.jar:/home/openlkadmin/.m2/repository/org/apache/maven/maven-settings/3.0.4/maven-settings-3.0.4.jar:/home/openlkadmin/.m2/repository/org/apache/maven/maven-settings-builder/3.0.4/maven-settings-builder-3.0.4.jar:/home/openlkadmin/.m2/repository/org/apache/maven/maven-repository-metadata/3.0.4/maven-repository-metadata-3.0.4.jar:/home/openlkadmin/.m2/repository/org/apache/maven/maven-plugin-api/3.0.4/maven-plugin-api-3.0.4.jar:/home/openlkadmin/.m2/repository/org/apache/maven/maven-model-builder/3.0.4/maven-model-builder-3.0.4.jar:/home/openlkadmin/.m2/repository/org/codehaus/plexus/plexus-interpolation/1.14/plexus-interpolation-1.14.jar:/home/openlkadmin/.m2/repository/org/codehaus/plexus/plexus-utils/3.0.16/plexus-utils-3.0.16.jar:/home/openlkadmin/.m2/repository/org/codehaus/plexus/plexus-component-annotations/1.5.5/plexus-component-annotations-1.5.5.jar:/home/openlkadmin/.m2/repository/org/sonatype/plexus/plexus-sec-dispatcher/1.3/plexus-sec-dispatcher-1.3.jar:/home/openlkadmin/.m2/repository/org/apache/maven/maven-model/3.0.4/maven-model-3.0.4.jar:/home/openlkadmin/.m2/repository/org/apache/maven/maven-artifact/3.6.0/maven-artifact-3.6.0.jar:/home/openlkadmin/.m2/repository/org/apache/maven/maven-aether-provider/3.0.4/maven-aether-provider-3.0.4.jar:/home/openlkadmin/.m2/repository/org/apache/maven/maven-embedder/3.0.4/maven-embedder-3.0.4.jar:/home/openlkadmin/.m2/repository/org/apache/maven/maven-compat/3.0.4/maven-compat-3.0.4.jar:/home/openlkadmin/.m2/repository/org/apache/maven/wagon/wagon-provider-api/2.2/wagon-provider-api-2.2.jar:/home/openlkadmin/.m2/repository/org/sonatype/plexus/plexus-cipher/1.7/plexus-cipher-1.7.jar:/home/openlkadmin/.m2/repository/org/codehaus/plexus/plexus-container-default/1.5.5/plexus-container-default-1.5.5.jar:/home/openlkadmin/.m2/repository/org/apache/xbean/xbean-reflect/3.4/xbean-reflect-3.4.jar:/home/openlkadmin/.m2/repository/org/codehaus/plexus/plexus-classworlds/2.4/plexus-classworlds-2.4.jar:/home/openlkadmin/.m2/repository/io/airlift/security/0.193/security-0.193.jar:/home/openlkadmin/.m2/repository/io/airlift/trace-token/0.193/trace-token-0.193.jar:/home/openlkadmin/.m2/repository/io/airlift/bytecode/1.2/bytecode-1.2.jar:/home/openlkadmin/.m2/repository/org/ow2/asm/asm-tree/7.1/asm-tree-7.1.jar:/home/openlkadmin/.m2/repository/org/ow2/asm/asm-util/6.2.1/asm-util-6.2.1.jar:/home/openlkadmin/.m2/repository/org/ow2/asm/asm-analysis/7.1/asm-analysis-7.1.jar:/home/openlkadmin/.m2/repository/io/airlift/joni/2.1.5.3/joni-2.1.5.3.jar:/home/openlkadmin/.m2/repository/com/teradata/re2j-td/1.4/re2j-td-1.4.jar:/home/openlkadmin/.m2/repository/javax/servlet/javax.servlet-api/4.0.1/javax.servlet-api-4.0.1.jar:/home/openlkadmin/.m2/repository/javax/annotation/javax.annotation-api/1.3.2/javax.annotation-api-1.3.2.jar:/home/openlkadmin/.m2/repository/javax/ws/rs/javax.ws.rs-api/2.1/javax.ws.rs-api-2.1.jar:/home/openlkadmin/.m2/repository/com/fasterxml/jackson/dataformat/jackson-dataformat-smile/2.10.0/jackson-dataformat-smile-2.10.0.jar:/home/openlkadmin/.m2/repository/com/fasterxml/jackson/datatype/jackson-datatype-jdk8/2.10.0/jackson-datatype-jdk8-2.10.0.jar:/home/openlkadmin/.m2/repository/com/fasterxml/jackson/datatype/jackson-datatype-joda/2.10.0/jackson-datatype-joda-2.10.0.jar:/home/openlkadmin/.m2/repository/com/fasterxml/jackson/datatype/jackson-datatype-jsr310/2.10.0/jackson-datatype-jsr310-2.10.0.jar:/home/openlkadmin/.m2/repository/com/fasterxml/jackson/datatype/jackson-datatype-guava/2.10.0/jackson-datatype-guava-2.10.0.jar:/home/openlkadmin/.m2/repository/com/fasterxml/jackson/module/jackson-module-parameter-names/2.10.0/jackson-module-parameter-names-2.10.0.jar:/home/openlkadmin/.m2/repository/javax/validation/validation-api/2.0.1.Final/validation-api-2.0.1.Final.jar:/home/openlkadmin/.m2/repository/io/airlift/http-client/0.193/http-client-0.193.jar:/home/openlkadmin/.m2/repository/org/eclipse/jetty/jetty-client/9.4.30.v20200611/jetty-client-9.4.30.v20200611.jar:/home/openlkadmin/.m2/repository/org/eclipse/jetty/http2/http2-client/9.4.30.v20200611/http2-client-9.4.30.v20200611.jar:/home/openlkadmin/.m2/repository/org/eclipse/jetty/jetty-alpn-client/9.4.30.v20200611/jetty-alpn-client-9.4.30.v20200611.jar:/home/openlkadmin/.m2/repository/org/eclipse/jetty/http2/http2-http-client-transport/9.4.30.v20200611/http2-http-client-transport-9.4.30.v20200611.jar:/home/openlkadmin/.m2/repository/org/eclipse/jetty/jetty-alpn-openjdk8-client/9.4.30.v20200611/jetty-alpn-openjdk8-client-9.4.30.v20200611.jar:/home/openlkadmin/.m2/repository/net/jodah/failsafe/2.0.1/failsafe-2.0.1.jar:/home/openlkadmin/.m2/repository/org/sonatype/aether/aether-api/1.13.1/aether-api-1.13.1.jar:/home/openlkadmin/.m2/repository/org/ow2/asm/asm/7.1/asm-7.1.jar:/home/openlkadmin/.m2/repository/org/jgrapht/jgrapht-core/0.9.0/jgrapht-core-0.9.0.jar:/home/openlkadmin/.m2/repository/org/pcollections/pcollections/2.1.2/pcollections-2.1.2.jar:/home/openlkadmin/.m2/repository/org/apache/lucene/lucene-analyzers-common/7.2.1/lucene-analyzers-common-7.2.1.jar:/home/openlkadmin/.m2/repository/org/glassfish/jersey/media/jersey-media-multipart/2.26/jersey-media-multipart-2.26.jar:/home/openlkadmin/.m2/repository/org/jvnet/mimepull/mimepull/1.9.6/mimepull-1.9.6.jar:/home/openlkadmin/.m2/repository/io/jsonwebtoken/jjwt/0.9.0/jjwt-0.9.0.jar:/home/openlkadmin/.m2/repository/org/bouncycastle/bcprov-jdk15on/1.64/bcprov-jdk15on-1.64.jar:/home/openlkadmin/.m2/repository/io/hetu/core/hetu-transport/1.0.1/hetu-transport-1.0.1.jar:/home/openlkadmin/.m2/repository/io/hetu/core/presto-plugin-toolkit/1.0.1/presto-plugin-toolkit-1.0.1.jar:/home/openlkadmin/.m2/repository/io/hetu/core/presto-main/1.0.1/presto-main-1.0.1-tests.jar:/home/openlkadmin/.m2/repository/org/apache/maven/surefire/surefire-testng-utils/2.22.0/surefire-testng-utils-2.22.0.jar:/home/openlkadmin/.m2/repository/org/apache/maven/surefire/surefire-grouper/2.22.0/surefire-grouper-2.22.0.jar:"/>
    <property name="git.branch" value="ed7dfeffd562821c1002045d98704d0df33403e0"/>
    <property name="git.build.host" value="linvm"/>
    <property name="java.vm.vendor" value="AdoptOpenJDK"/>
    <property name="sun.arch.data.model" value="64"/>
    <property name="git.commit.id" value="ed7dfeffd562821c1002045d98704d0df33403e0"/>
    <property name="java.vendor.url" value="http://java.oracle.com/"/>
    <property name="user.timezone" value="America/Bahia_Banderas"/>
    <property name="os.name" value="Linux"/>
    <property name="java.vm.specification.version" value="1.8"/>
    <property name="sun.java.launcher" value="SUN_STANDARD"/>
    <property name="git.build.user.name" value="UnilinU"/>
    <property name="user.country" value="US"/>
    <property name="sun.boot.library.path" value="/opt/jdk8u222-b10/jre/lib/amd64"/>
    <property name="sun.java.command" value="/home/openlkadmin/hetu-core/hetu-cloudface/target/surefire/surefirebooter9054236420205831091.jar /home/openlkadmin/hetu-core/hetu-cloudface/target/surefire 2021-04-23T16-13-22_197-jvmRun1 surefire6267773098602960541tmp surefire_02288645070841779771tmp"/>
    <property name="surefire.test.class.path" value="/home/openlkadmin/hetu-core/hetu-cloudface/target/test-classes:/home/openlkadmin/hetu-core/hetu-cloudface/target/classes:/home/openlkadmin/.m2/repository/com/huaweicloud/frs/frs-sdk/1.0/frs-sdk-1.0.jar:/home/openlkadmin/.m2/repository/com/huawei/java-sdk-core/3.0.9/java-sdk-core-3.0.9.jar:/home/openlkadmin/.m2/repository/com/squareup/okhttp3/okhttp/3.12.0/okhttp-3.12.0.jar:/home/openlkadmin/.m2/repository/com/squareup/okio/okio/2.1.0/okio-2.1.0.jar:/home/openlkadmin/.m2/repository/org/jetbrains/kotlin/kotlin-stdlib/1.2.60/kotlin-stdlib-1.2.60.jar:/home/openlkadmin/.m2/repository/org/jetbrains/kotlin/kotlin-stdlib-common/1.2.60/kotlin-stdlib-common-1.2.60.jar:/home/openlkadmin/.m2/repository/org/jetbrains/annotations/13.0/annotations-13.0.jar:/home/openlkadmin/.m2/repository/commons-io/commons-io/2.6/commons-io-2.6.jar:/home/openlkadmin/.m2/repository/commons-logging/commons-logging/1.2/commons-logging-1.2.jar:/home/openlkadmin/.m2/repository/commons-codec/commons-codec/1.11/commons-codec-1.11.jar:/home/openlkadmin/.m2/repository/com/fasterxml/jackson/core/jackson-core/2.10.0/jackson-core-2.10.0.jar:/home/openlkadmin/.m2/repository/com/fasterxml/jackson/core/jackson-databind/2.10.0/jackson-databind-2.10.0.jar:/home/openlkadmin/.m2/repository/com/fasterxml/jackson/core/jackson-annotations/2.10.0/jackson-annotations-2.10.0.jar:/home/openlkadmin/.m2/repository/joda-time/joda-time/2.10.5/joda-time-2.10.5.jar:/home/openlkadmin/.m2/repository/com/google/guava/guava/26.0-jre/guava-26.0-jre.jar:/home/openlkadmin/.m2/repository/com/google/code/findbugs/jsr305/3.0.2/jsr305-3.0.2.jar:/home/openlkadmin/.m2/repository/org/checkerframework/checker-qual/2.5.2/checker-qual-2.5.2.jar:/home/openlkadmin/.m2/repository/com/google/errorprone/error_prone_annotations/2.3.2/error_prone_annotations-2.3.2.jar:/home/openlkadmin/.m2/repository/com/google/j2objc/j2objc-annotations/1.1/j2objc-annotations-1.1.jar:/home/openlkadmin/.m2/repository/org/codehaus/mojo/animal-sniffer-annotations/1.14/animal-sniffer-annotations-1.14.jar:/home/openlkadmin/.m2/repository/io/hetu/core/presto-spi/1.0.1/presto-spi-1.0.1.jar:/home/openlkadmin/.m2/repository/io/airlift/units/1.3/units-1.3.jar:/home/openlkadmin/.m2/repository/org/openjdk/jol/jol-core/0.2/jol-core-0.2.jar:/home/openlkadmin/.m2/repository/io/hetu/core/hetu-common/1.0.1/hetu-common-1.0.1.jar:/home/openlkadmin/.m2/repository/io/airlift/slice/0.38/slice-0.38.jar:/home/openlkadmin/.m2/repository/org/testng/testng/6.10/testng-6.10.jar:/home/openlkadmin/.m2/repository/com/beust/jcommander/1.48/jcommander-1.48.jar:/home/openlkadmin/.m2/repository/io/hetu/core/presto-tests/1.0.1/presto-tests-1.0.1.jar:/home/openlkadmin/.m2/repository/io/hetu/core/presto-client/1.0.1/presto-client-1.0.1.jar:/home/openlkadmin/.m2/repository/com/squareup/okhttp3/okhttp-urlconnection/3.9.0/okhttp-urlconnection-3.9.0.jar:/home/openlkadmin/.m2/repository/io/hetu/core/presto-parser/1.0.1/presto-parser-1.0.1.jar:/home/openlkadmin/.m2/repository/org/antlr/antlr4-runtime/4.7.1/antlr4-runtime-4.7.1.jar:/home/openlkadmin/.m2/repository/io/hetu/core/presto-tpch/1.0.1/presto-tpch-1.0.1.jar:/home/openlkadmin/.m2/repository/io/hetu/core/hetu-seed-store/1.0.1/hetu-seed-store-1.0.1.jar:/home/openlkadmin/.m2/repository/io/hetu/core/hetu-state-store/1.0.1/hetu-state-store-1.0.1.jar:/home/openlkadmin/.m2/repository/io/hetu/core/hetu-hazelcast/1.0.1/hetu-hazelcast-1.0.1.jar:/home/openlkadmin/.m2/repository/org/springframework/spring-context/5.2.0.RELEASE/spring-context-5.2.0.RELEASE.jar:/home/openlkadmin/.m2/repository/org/springframework/spring-beans/5.2.0.RELEASE/spring-beans-5.2.0.RELEASE.jar:/home/openlkadmin/.m2/repository/org/springframework/spring-core/5.2.0.RELEASE/spring-core-5.2.0.RELEASE.jar:/home/openlkadmin/.m2/repository/org/springframework/spring-expression/5.2.0.RELEASE/spring-expression-5.2.0.RELEASE.jar:/home/openlkadmin/.m2/repository/org/aspectj/aspectjweaver/1.9.4/aspectjweaver-1.9.4.jar:/home/openlkadmin/.m2/repository/javax/cache/cache-api/1.1.1/cache-api-1.1.1.jar:/home/openlkadmin/.m2/repository/org/apache/commons/commons-lang3/3.10/commons-lang3-3.10.jar:/home/openlkadmin/.m2/repository/io/airlift/bootstrap/0.193/bootstrap-0.193.jar:/home/openlkadmin/.m2/repository/io/airlift/concurrent/0.193/concurrent-0.193.jar:/home/openlkadmin/.m2/repository/io/airlift/configuration/0.193/configuration-0.193.jar:/home/openlkadmin/.m2/repository/org/apache/bval/bval-jsr/2.0.0/bval-jsr-2.0.0.jar:/home/openlkadmin/.m2/repository/cglib/cglib-nodep/3.3.0/cglib-nodep-3.3.0.jar:/home/openlkadmin/.m2/repository/io/airlift/discovery/discovery-server/1.29/discovery-server-1.29.jar:/home/openlkadmin/.m2/repository/io/airlift/jmx-http-rpc/0.159/jmx-http-rpc-0.159.jar:/home/openlkadmin/.m2/repository/com/google/inject/extensions/guice-multibindings/4.2.2/guice-multibindings-4.2.2.jar:/home/openlkadmin/.m2/repository/org/iq80/leveldb/leveldb-api/0.10/leveldb-api-0.10.jar:/home/openlkadmin/.m2/repository/org/iq80/leveldb/leveldb/0.10/leveldb-0.10.jar:/home/openlkadmin/.m2/repository/io/airlift/json/0.193/json-0.193.jar:/home/openlkadmin/.m2/repository/io/airlift/log/0.193/log-0.193.jar:/home/openlkadmin/.m2/repository/io/airlift/node/0.193/node-0.193.jar:/home/openlkadmin/.m2/repository/io/airlift/stats/0.193/stats-0.193.jar:/home/openlkadmin/.m2/repository/org/hdrhistogram/HdrHistogram/2.1.9/HdrHistogram-2.1.9.jar:/home/openlkadmin/.m2/repository/io/airlift/tpch/tpch/0.10/tpch-0.10.jar:/home/openlkadmin/.m2/repository/io/airlift/testing/0.193/testing-0.193.jar:/home/openlkadmin/.m2/repository/javax/inject/javax.inject/1/javax.inject-1.jar:/home/openlkadmin/.m2/repository/com/google/inject/guice/4.2.2/guice-4.2.2.jar:/home/openlkadmin/.m2/repository/aopalliance/aopalliance/1.0/aopalliance-1.0.jar:/home/openlkadmin/.m2/repository/org/jdbi/jdbi3-core/3.4.0/jdbi3-core-3.4.0.jar:/home/openlkadmin/.m2/repository/org/antlr/antlr-runtime/3.4/antlr-runtime-3.4.jar:/home/openlkadmin/.m2/repository/org/antlr/stringtemplate/3.2.1/stringtemplate-3.2.1.jar:/home/openlkadmin/.m2/repository/antlr/antlr/2.7.7/antlr-2.7.7.jar:/home/openlkadmin/.m2/repository/org/slf4j/slf4j-api/1.7.29/slf4j-api-1.7.29.jar:/home/openlkadmin/.m2/repository/net/jodah/expiringmap/0.5.6/expiringmap-0.5.6.jar:/home/openlkadmin/.m2/repository/org/weakref/jmxutils/1.21/jmxutils-1.21.jar:/home/openlkadmin/.m2/repository/org/apache/commons/commons-math3/3.6.1/commons-math3-3.6.1.jar:/home/openlkadmin/.m2/repository/org/assertj/assertj-core/3.8.0/assertj-core-3.8.0.jar:/home/openlkadmin/.m2/repository/com/h2database/h2/1.4.199/h2-1.4.199.jar:/home/openlkadmin/.m2/repository/io/airlift/log-manager/0.193/log-manager-0.193.jar:/home/openlkadmin/.m2/repository/org/slf4j/slf4j-jdk14/1.7.29/slf4j-jdk14-1.7.29.jar:/home/openlkadmin/.m2/repository/org/slf4j/log4j-over-slf4j/1.7.29/log4j-over-slf4j-1.7.29.jar:/home/openlkadmin/.m2/repository/ch/qos/logback/logback-core/1.2.3/logback-core-1.2.3.jar:/home/openlkadmin/.m2/repository/io/hetu/core/presto-main/1.0.1/presto-main-1.0.1.jar:/home/openlkadmin/.m2/repository/org/locationtech/jts/jts-core/1.15.0/jts-core-1.15.0.jar:/home/openlkadmin/.m2/repository/com/esri/geometry/esri-geometry-api/2.2.2/esri-geometry-api-2.2.2.jar:/home/openlkadmin/.m2/repository/io/hetu/core/presto-geospatial-toolkit/1.0.1/presto-geospatial-toolkit-1.0.1.jar:/home/openlkadmin/.m2/repository/it/unimi/dsi/fastutil/6.5.9/fastutil-6.5.9.jar:/home/openlkadmin/.m2/repository/io/hetu/core/presto-array/1.0.1/presto-array-1.0.1.jar:/home/openlkadmin/.m2/repository/io/hetu/core/presto-matching/1.0.1/presto-matching-1.0.1.jar:/home/openlkadmin/.m2/repository/io/hetu/core/presto-memory-context/1.0.1/presto-memory-context-1.0.1.jar:/home/openlkadmin/.m2/repository/io/airlift/aircompressor/0.15/aircompressor-0.15.jar:/home/openlkadmin/.m2/repository/io/airlift/discovery/0.193/discovery-0.193.jar:/home/openlkadmin/.m2/repository/io/airlift/event/0.193/event-0.193.jar:/home/openlkadmin/.m2/repository/io/airlift/event-http/0.193/event-http-0.193.jar:/home/openlkadmin/.m2/repository/io/airlift/http-server/0.193/http-server-0.193.jar:/home/openlkadmin/.m2/repository/org/eclipse/jetty/jetty-http/9.4.30.v20200611/jetty-http-9.4.30.v20200611.jar:/home/openlkadmin/.m2/repository/org/eclipse/jetty/jetty-io/9.4.30.v20200611/jetty-io-9.4.30.v20200611.jar:/home/openlkadmin/.m2/repository/org/eclipse/jetty/http2/http2-server/9.4.30.v20200611/http2-server-9.4.30.v20200611.jar:/home/openlkadmin/.m2/repository/org/eclipse/jetty/http2/http2-common/9.4.30.v20200611/http2-common-9.4.30.v20200611.jar:/home/openlkadmin/.m2/repository/org/eclipse/jetty/http2/http2-hpack/9.4.30.v20200611/http2-hpack-9.4.30.v20200611.jar:/home/openlkadmin/.m2/repository/org/eclipse/jetty/jetty-server/9.4.30.v20200611/jetty-server-9.4.30.v20200611.jar:/home/openlkadmin/.m2/repository/org/eclipse/jetty/jetty-util/9.4.30.v20200611/jetty-util-9.4.30.v20200611.jar:/home/openlkadmin/.m2/repository/org/eclipse/jetty/jetty-servlet/9.4.30.v20200611/jetty-servlet-9.4.30.v20200611.jar:/home/openlkadmin/.m2/repository/org/eclipse/jetty/jetty-security/9.4.30.v20200611/jetty-security-9.4.30.v20200611.jar:/home/openlkadmin/.m2/repository/org/eclipse/jetty/jetty-jmx/9.4.30.v20200611/jetty-jmx-9.4.30.v20200611.jar:/home/openlkadmin/.m2/repository/io/airlift/jaxrs/0.193/jaxrs-0.193.jar:/home/openlkadmin/.m2/repository/javax/xml/bind/jaxb-api/2.3.1/jaxb-api-2.3.1.jar:/home/openlkadmin/.m2/repository/javax/activation/javax.activation-api/1.2.0/javax.activation-api-1.2.0.jar:/home/openlkadmin/.m2/repository/org/glassfish/jersey/core/jersey-common/2.26/jersey-common-2.26.jar:/home/openlkadmin/.m2/repository/org/glassfish/hk2/osgi-resource-locator/1.0.1/osgi-resource-locator-1.0.1.jar:/home/openlkadmin/.m2/repository/org/glassfish/jersey/core/jersey-server/2.26/jersey-server-2.26.jar:/home/openlkadmin/.m2/repository/org/glassfish/jersey/core/jersey-client/2.26/jersey-client-2.26.jar:/home/openlkadmin/.m2/repository/org/glassfish/jersey/media/jersey-media-jaxb/2.26/jersey-media-jaxb-2.26.jar:/home/openlkadmin/.m2/repository/org/glassfish/jersey/containers/jersey-container-servlet-core/2.26/jersey-container-servlet-core-2.26.jar:/home/openlkadmin/.m2/repository/org/glassfish/jersey/containers/jersey-container-servlet/2.26/jersey-container-servlet-2.26.jar:/home/openlkadmin/.m2/repository/org/glassfish/jersey/inject/jersey-hk2/2.26/jersey-hk2-2.26.jar:/home/openlkadmin/.m2/repository/org/glassfish/hk2/hk2-locator/2.5.0-b42/hk2-locator-2.5.0-b42.jar:/home/openlkadmin/.m2/repository/org/glassfish/hk2/hk2-api/2.5.0-b42/hk2-api-2.5.0-b42.jar:/home/openlkadmin/.m2/repository/org/glassfish/hk2/hk2-utils/2.5.0-b42/hk2-utils-2.5.0-b42.jar:/home/openlkadmin/.m2/repository/org/javassist/javassist/3.22.0-GA/javassist-3.22.0-GA.jar:/home/openlkadmin/.m2/repository/io/airlift/jmx/0.193/jmx-0.193.jar:/opt/jdk8u222-b10/jre/../lib/tools.jar:/home/openlkadmin/.m2/repository/io/airlift/jmx-http/0.193/jmx-http-0.193.jar:/home/openlkadmin/.m2/repository/io/airlift/resolver/resolver/1.5/resolver-1.5.jar:/home/openlkadmin/.m2/repository/org/sonatype/aether/aether-spi/1.13.1/aether-spi-1.13.1.jar:/home/openlkadmin/.m2/repository/org/sonatype/aether/aether-impl/1.13.1/aether-impl-1.13.1.jar:/home/openlkadmin/.m2/repository/org/sonatype/aether/aether-util/1.13.1/aether-util-1.13.1.jar:/home/openlkadmin/.m2/repository/org/sonatype/aether/aether-connector-file/1.13.1/aether-connector-file-1.13.1.jar:/home/openlkadmin/.m2/repository/org/sonatype/aether/aether-connector-asynchttpclient/1.13.1/aether-connector-asynchttpclient-1.13.1.jar:/home/openlkadmin/.m2/repository/org/apache/maven/maven-core/3.0.4/maven-core-3.0.4.jar:/home/openlkadmin/.m2/repository/org/apache/maven/maven-settings/3.0.4/maven-settings-3.0.4.jar:/home/openlkadmin/.m2/repository/org/apache/maven/maven-settings-builder/3.0.4/maven-settings-builder-3.0.4.jar:/home/openlkadmin/.m2/repository/org/apache/maven/maven-repository-metadata/3.0.4/maven-repository-metadata-3.0.4.jar:/home/openlkadmin/.m2/repository/org/apache/maven/maven-plugin-api/3.0.4/maven-plugin-api-3.0.4.jar:/home/openlkadmin/.m2/repository/org/apache/maven/maven-model-builder/3.0.4/maven-model-builder-3.0.4.jar:/home/openlkadmin/.m2/repository/org/codehaus/plexus/plexus-interpolation/1.14/plexus-interpolation-1.14.jar:/home/openlkadmin/.m2/repository/org/codehaus/plexus/plexus-utils/3.0.16/plexus-utils-3.0.16.jar:/home/openlkadmin/.m2/repository/org/codehaus/plexus/plexus-component-annotations/1.5.5/plexus-component-annotations-1.5.5.jar:/home/openlkadmin/.m2/repository/org/sonatype/plexus/plexus-sec-dispatcher/1.3/plexus-sec-dispatcher-1.3.jar:/home/openlkadmin/.m2/repository/org/apache/maven/maven-model/3.0.4/maven-model-3.0.4.jar:/home/openlkadmin/.m2/repository/org/apache/maven/maven-artifact/3.6.0/maven-artifact-3.6.0.jar:/home/openlkadmin/.m2/repository/org/apache/maven/maven-aether-provider/3.0.4/maven-aether-provider-3.0.4.jar:/home/openlkadmin/.m2/repository/org/apache/maven/maven-embedder/3.0.4/maven-embedder-3.0.4.jar:/home/openlkadmin/.m2/repository/org/apache/maven/maven-compat/3.0.4/maven-compat-3.0.4.jar:/home/openlkadmin/.m2/repository/org/apache/maven/wagon/wagon-provider-api/2.2/wagon-provider-api-2.2.jar:/home/openlkadmin/.m2/repository/org/sonatype/plexus/plexus-cipher/1.7/plexus-cipher-1.7.jar:/home/openlkadmin/.m2/repository/org/codehaus/plexus/plexus-container-default/1.5.5/plexus-container-default-1.5.5.jar:/home/openlkadmin/.m2/repository/org/apache/xbean/xbean-reflect/3.4/xbean-reflect-3.4.jar:/home/openlkadmin/.m2/repository/org/codehaus/plexus/plexus-classworlds/2.4/plexus-classworlds-2.4.jar:/home/openlkadmin/.m2/repository/io/airlift/security/0.193/security-0.193.jar:/home/openlkadmin/.m2/repository/io/airlift/trace-token/0.193/trace-token-0.193.jar:/home/openlkadmin/.m2/repository/io/airlift/bytecode/1.2/bytecode-1.2.jar:/home/openlkadmin/.m2/repository/org/ow2/asm/asm-tree/7.1/asm-tree-7.1.jar:/home/openlkadmin/.m2/repository/org/ow2/asm/asm-util/6.2.1/asm-util-6.2.1.jar:/home/openlkadmin/.m2/repository/org/ow2/asm/asm-analysis/7.1/asm-analysis-7.1.jar:/home/openlkadmin/.m2/repository/io/airlift/joni/2.1.5.3/joni-2.1.5.3.jar:/home/openlkadmin/.m2/repository/com/teradata/re2j-td/1.4/re2j-td-1.4.jar:/home/openlkadmin/.m2/repository/javax/servlet/javax.servlet-api/4.0.1/javax.servlet-api-4.0.1.jar:/home/openlkadmin/.m2/repository/javax/annotation/javax.annotation-api/1.3.2/javax.annotation-api-1.3.2.jar:/home/openlkadmin/.m2/repository/javax/ws/rs/javax.ws.rs-api/2.1/javax.ws.rs-api-2.1.jar:/home/openlkadmin/.m2/repository/com/fasterxml/jackson/dataformat/jackson-dataformat-smile/2.10.0/jackson-dataformat-smile-2.10.0.jar:/home/openlkadmin/.m2/repository/com/fasterxml/jackson/datatype/jackson-datatype-jdk8/2.10.0/jackson-datatype-jdk8-2.10.0.jar:/home/openlkadmin/.m2/repository/com/fasterxml/jackson/datatype/jackson-datatype-joda/2.10.0/jackson-datatype-joda-2.10.0.jar:/home/openlkadmin/.m2/repository/com/fasterxml/jackson/datatype/jackson-datatype-jsr310/2.10.0/jackson-datatype-jsr310-2.10.0.jar:/home/openlkadmin/.m2/repository/com/fasterxml/jackson/datatype/jackson-datatype-guava/2.10.0/jackson-datatype-guava-2.10.0.jar:/home/openlkadmin/.m2/repository/com/fasterxml/jackson/module/jackson-module-parameter-names/2.10.0/jackson-module-parameter-names-2.10.0.jar:/home/openlkadmin/.m2/repository/javax/validation/validation-api/2.0.1.Final/validation-api-2.0.1.Final.jar:/home/openlkadmin/.m2/repository/io/airlift/http-client/0.193/http-client-0.193.jar:/home/openlkadmin/.m2/repository/org/eclipse/jetty/jetty-client/9.4.30.v20200611/jetty-client-9.4.30.v20200611.jar:/home/openlkadmin/.m2/repository/org/eclipse/jetty/http2/http2-client/9.4.30.v20200611/http2-client-9.4.30.v20200611.jar:/home/openlkadmin/.m2/repository/org/eclipse/jetty/jetty-alpn-client/9.4.30.v20200611/jetty-alpn-client-9.4.30.v20200611.jar:/home/openlkadmin/.m2/repository/org/eclipse/jetty/http2/http2-http-client-transport/9.4.30.v20200611/http2-http-client-transport-9.4.30.v20200611.jar:/home/openlkadmin/.m2/repository/org/eclipse/jetty/jetty-alpn-openjdk8-client/9.4.30.v20200611/jetty-alpn-openjdk8-client-9.4.30.v20200611.jar:/home/openlkadmin/.m2/repository/net/jodah/failsafe/2.0.1/failsafe-2.0.1.jar:/home/openlkadmin/.m2/repository/org/sonatype/aether/aether-api/1.13.1/aether-api-1.13.1.jar:/home/openlkadmin/.m2/repository/org/ow2/asm/asm/7.1/asm-7.1.jar:/home/openlkadmin/.m2/repository/org/jgrapht/jgrapht-core/0.9.0/jgrapht-core-0.9.0.jar:/home/openlkadmin/.m2/repository/org/pcollections/pcollections/2.1.2/pcollections-2.1.2.jar:/home/openlkadmin/.m2/repository/org/apache/lucene/lucene-analyzers-common/7.2.1/lucene-analyzers-common-7.2.1.jar:/home/openlkadmin/.m2/repository/org/glassfish/jersey/media/jersey-media-multipart/2.26/jersey-media-multipart-2.26.jar:/home/openlkadmin/.m2/repository/org/jvnet/mimepull/mimepull/1.9.6/mimepull-1.9.6.jar:/home/openlkadmin/.m2/repository/io/jsonwebtoken/jjwt/0.9.0/jjwt-0.9.0.jar:/home/openlkadmin/.m2/repository/org/bouncycastle/bcprov-jdk15on/1.64/bcprov-jdk15on-1.64.jar:/home/openlkadmin/.m2/repository/io/hetu/core/hetu-transport/1.0.1/hetu-transport-1.0.1.jar:/home/openlkadmin/.m2/repository/io/hetu/core/presto-plugin-toolkit/1.0.1/presto-plugin-toolkit-1.0.1.jar:/home/openlkadmin/.m2/repository/io/hetu/core/presto-main/1.0.1/presto-main-1.0.1-tests.jar:/home/openlkadmin/.m2/repository/org/apache/maven/surefire/surefire-testng-utils/2.22.0/surefire-testng-utils-2.22.0.jar:/home/openlkadmin/.m2/repository/org/apache/maven/surefire/surefire-grouper/2.22.0/surefire-grouper-2.22.0.jar:"/>
    <property name="sun.cpu.endian" value="little"/>
    <property name="user.home" value="/home/openlkadmin"/>
    <property name="user.language" value="en"/>
    <property name="git.closest.tag.commit.count" value="0"/>
    <property name="java.specification.vendor" value="Oracle Corporation"/>
    <property name="java.home" value="/opt/jdk8u222-b10/jre"/>
    <property name="git.total.commit.count" value="532"/>
    <property name="file.separator" value="/"/>
    <property name="basedir" value="/home/openlkadmin/hetu-core/hetu-cloudface"/>
    <property name="line.separator" value="&#10;"/>
    <property name="git.build.user.email" value="chenglinzhang@seu.edu.cn"/>
    <property name="java.vm.specification.vendor" value="Oracle Corporation"/>
    <property name="java.specification.name" value="Java Platform API Specification"/>
    <property name="java.awt.graphicsenv" value="sun.awt.X11GraphicsEnvironment"/>
    <property name="java.awt.headless" value="true"/>
    <property name="git.closest.tag.name" value="1.0.1"/>
    <property name="git.local.branch.ahead" value="NO_REMOTE"/>
    <property name="git.build.time" value="2021-04-23T16:13:16+0800"/>
    <property name="surefire.real.class.path" value="/home/openlkadmin/hetu-core/hetu-cloudface/target/surefire/surefirebooter9054236420205831091.jar"/>
    <property name="git.commit.message.full" value="[maven-release-plugin] prepare release 1.0.1"/>
    <property name="sun.boot.class.path" value="/opt/jdk8u222-b10/jre/lib/resources.jar:/opt/jdk8u222-b10/jre/lib/rt.jar:/opt/jdk8u222-b10/jre/lib/sunrsasign.jar:/opt/jdk8u222-b10/jre/lib/jsse.jar:/opt/jdk8u222-b10/jre/lib/jce.jar:/opt/jdk8u222-b10/jre/lib/charsets.jar:/opt/jdk8u222-b10/jre/lib/jfr.jar:/opt/jdk8u222-b10/jre/classes"/>
    <property name="sun.management.compiler" value="HotSpot 64-Bit Tiered Compilers"/>
    <property name="java.runtime.version" value="1.8.0_222-b10"/>
    <property name="user.name" value="openlkadmin"/>
    <property name="path.separator" value=":"/>
    <property name="os.version" value="5.4.0-72-generic"/>
    <property name="java.endorsed.dirs" value="/opt/jdk8u222-b10/jre/lib/endorsed"/>
    <property name="java.runtime.name" value="OpenJDK Runtime Environment"/>
    <property name="file.encoding" value="UTF-8"/>
    <property name="git.commit.user.email" value="raghunandan.subramanya@gmail.com"/>
    <property name="java.vm.name" value="OpenJDK 64-Bit Server VM"/>
    <property name="git.local.branch.behind" value="NO_REMOTE"/>
    <property name="git.dirty" value="true"/>
    <property name="localRepository" value="/home/openlkadmin/.m2/repository"/>
    <property name="java.vendor.url.bug" value="http://bugreport.sun.com/bugreport/"/>
    <property name="java.io.tmpdir" value="/tmp"/>
    <property name="idea.version" value="2021.1"/>
    <property name="java.version" value="1.8.0_222"/>
    <property name="user.dir" value="/home/openlkadmin/hetu-core/hetu-cloudface"/>
    <property name="os.arch" value="amd64"/>
    <property name="git.commit.user.name" value="Raghunandan"/>
    <property name="git.commit.id.abbrev" value="ed7dfef"/>
    <property name="java.vm.specification.name" value="Java Virtual Machine Specification"/>
    <property name="java.util.logging.SimpleFormatter.format" value="%1$tY-%1$tm-%1$tdT%1$tH:%1$tM:%1$tS.%1$tL%1$tz %4$s %5$s%6$s%n"/>
    <property name="java.awt.printerjob" value="sun.print.PSPrinterJob"/>
    <property name="git.commit.id.describe-short" value="1.0.1-dirty"/>
    <property name="sun.os.patch.level" value="unknown"/>
    <property name="git.commit.id.describe" value="1.0.1-dirty"/>
    <property name="git.commit.message.short" value="[maven-release-plugin] prepare release 1.0.1"/>
    <property name="java.library.path" value="/usr/java/packages/lib/amd64:/usr/lib64:/lib64:/lib:/usr/lib"/>
    <property name="java.vendor" value="AdoptOpenJDK"/>
    <property name="java.vm.info" value="mixed mode"/>
    <property name="java.vm.version" value="25.222-b10"/>
    <property name="sun.io.unicode.encoding" value="UnicodeLittle"/>
    <property name="java.ext.dirs" value="/opt/jdk8u222-b10/jre/lib/ext:/usr/java/packages/lib/ext"/>
    <property name="java.class.version" value="52.0"/>
    <property name="git.commit.time" value="2020-09-29T20:32:14+0800"/>
    <property name="git.remote.origin.url" value="https://gitee.com/openlookeng/hetu-core.git"/>
  </properties>
  <testcase name="TestSystem" classname="io.hetu.core.plugin.cloudface.TestFinal" time="6.933">
    <failure message="Expected only one result unique result, but got [0, -1] expected [1] but found [2]" type="java.lang.AssertionError">java.lang.AssertionError: Expected only one result unique result, but got [0, -1] expected [1] but found [2]
	at org.testng.Assert.fail(Assert.java:94)
	at org.testng.Assert.failNotEquals(Assert.java:513)
	at org.testng.Assert.assertEqualsImpl(Assert.java:135)
	at org.testng.Assert.assertEquals(Assert.java:116)
	at org.testng.Assert.assertEquals(Assert.java:389)
	at io.prestosql.operator.scalar.FunctionAssertions.selectUniqueValue(FunctionAssertions.java:308)
	at io.prestosql.operator.scalar.FunctionAssertions.selectSingleValue(FunctionAssertions.java:299)
	at io.prestosql.operator.scalar.FunctionAssertions.assertFunction(FunctionAssertions.java:262)
	at io.prestosql.operator.scalar.AbstractTestFunctions.assertFunction(AbstractTestFunctions.java:92)
	at io.hetu.core.plugin.cloudface.TestFinal.TestSystem(TestFinal.java:47)
	at sun.reflect.NativeMethodAccessorImpl.invoke0(Native Method)
	at sun.reflect.NativeMethodAccessorImpl.invoke(NativeMethodAccessorImpl.java:62)
	at sun.reflect.DelegatingMethodAccessorImpl.invoke(DelegatingMethodAccessorImpl.java:43)
	at java.lang.reflect.Method.invoke(Method.java:498)
	at org.testng.internal.MethodInvocationHelper.invokeMethod(MethodInvocationHelper.java:104)
	at org.testng.internal.Invoker.invokeMethod(Invoker.java:645)
	at org.testng.internal.Invoker.invokeTestMethod(Invoker.java:851)
	at org.testng.internal.Invoker.invokeTestMethods(Invoker.java:1177)
	at org.testng.internal.TestMethodWorker.invokeTestMethods(TestMethodWorker.java:129)
	at org.testng.internal.TestMethodWorker.run(TestMethodWorker.java:112)
	at java.util.concurrent.ThreadPoolExecutor.runWorker(ThreadPoolExecutor.java:1149)
	at java.util.concurrent.ThreadPoolExecutor$Worker.run(ThreadPoolExecutor.java:624)
	at java.lang.Thread.run(Thread.java:748)
</failure>
    <system-err><![CDATA[2021-04-23T03:13:27.089-0500 INFO -- Loading system access control --
2021-04-23T03:13:27.095-0500 INFO -- Loaded system access control allow-all --
]]></system-err>
  </testcase>
</testsuite>